[2017-04-25T20:32:45,234][INFO ][o.e.n.Node               ] [] initializing ...
[2017-04-25T20:32:46,552][INFO ][o.e.e.NodeEnvironment    ] [vakW7xk] using [1] data paths, mounts [[(C:)]], net usable_space [79.7gb], net total_space [245.7gb], spins? [unknown], types [NTFS]
[2017-04-25T20:32:46,556][INFO ][o.e.e.NodeEnvironment    ] [vakW7xk] heap size [1.9gb], compressed ordinary object pointers [true]
[2017-04-25T20:32:46,574][INFO ][o.e.n.Node               ] node name [vakW7xk] derived from node ID [vakW7xkOQ3ed_xMzhCGOOg]; set [node.name] to override
[2017-04-25T20:32:46,576][INFO ][o.e.n.Node               ] version[5.3.1], pid[6400], build[5f9cf58/2017-04-17T15:52:53.846Z], OS[Windows 7/6.1/amd64], JVM[Oracle Corporation/Java HotSpot(TM) 64-Bit Server VM/1.8.0_131/25.131-b11]
[2017-04-25T20:32:53,458][INFO ][o.e.p.PluginsService     ] [vakW7xk] loaded module [aggs-matrix-stats]
[2017-04-25T20:32:53,459][INFO ][o.e.p.PluginsService     ] [vakW7xk] loaded module [ingest-common]
[2017-04-25T20:32:53,460][INFO ][o.e.p.PluginsService     ] [vakW7xk] loaded module [lang-expression]
[2017-04-25T20:32:53,461][INFO ][o.e.p.PluginsService     ] [vakW7xk] loaded module [lang-groovy]
[2017-04-25T20:32:53,461][INFO ][o.e.p.PluginsService     ] [vakW7xk] loaded module [lang-mustache]
[2017-04-25T20:32:53,461][INFO ][o.e.p.PluginsService     ] [vakW7xk] loaded module [lang-painless]
[2017-04-25T20:32:53,462][INFO ][o.e.p.PluginsService     ] [vakW7xk] loaded module [percolator]
[2017-04-25T20:32:53,463][INFO ][o.e.p.PluginsService     ] [vakW7xk] loaded module [reindex]
[2017-04-25T20:32:53,464][INFO ][o.e.p.PluginsService     ] [vakW7xk] loaded module [transport-netty3]
[2017-04-25T20:32:53,466][INFO ][o.e.p.PluginsService     ] [vakW7xk] loaded module [transport-netty4]
[2017-04-25T20:32:53,468][INFO ][o.e.p.PluginsService     ] [vakW7xk] no plugins loaded
[2017-04-25T20:33:10,124][INFO ][o.e.n.Node               ] initialized
[2017-04-25T20:33:10,125][INFO ][o.e.n.Node               ] [vakW7xk] starting ...
[2017-04-25T20:33:12,940][INFO ][o.e.t.TransportService   ] [vakW7xk] publish_address {127.0.0.1:9300}, bound_addresses {127.0.0.1:9300}, {[::1]:9300}
[2017-04-25T20:33:16,498][INFO ][o.e.c.s.ClusterService   ] [vakW7xk] new_master {vakW7xk}{vakW7xkOQ3ed_xMzhCGOOg}{DCCs735XQdWDf97AeujkRg}{127.0.0.1}{127.0.0.1:9300}, reason: zen-disco-elected-as-master ([0] nodes joined)
[2017-04-25T20:33:16,799][INFO ][o.e.g.GatewayService     ] [vakW7xk] recovered [0] indices into cluster_state
[2017-04-25T20:33:17,797][INFO ][o.e.h.n.Netty4HttpServerTransport] [vakW7xk] publish_address {127.0.0.1:9200}, bound_addresses {127.0.0.1:9200}, {[::1]:9200}
[2017-04-25T20:33:17,827][INFO ][o.e.n.Node               ] [vakW7xk] started
[2017-04-25T22:22:38,292][INFO ][o.e.c.m.MetaDataCreateIndexService] [vakW7xk] [products] creating index, cause [api], templates [], shards [5]/[1], mappings []
[2017-04-25T22:22:40,981][WARN ][o.e.i.c.IndicesClusterStateService] [vakW7xk] [[products][0]] marking and sending shard failed due to [failed recovery]
org.elasticsearch.indices.recovery.RecoveryFailedException: [products][0]: Recovery failed on {vakW7xk}{vakW7xkOQ3ed_xMzhCGOOg}{DCCs735XQdWDf97AeujkRg}{127.0.0.1}{127.0.0.1:9300}
	at org.elasticsearch.index.shard.IndexShard.lambda$startRecovery$1(IndexShard.java:1488) ~[elasticsearch-5.3.1.jar:5.3.1]
	at org.elasticsearch.common.util.concurrent.ThreadContext$ContextPreservingRunnable.run(ThreadContext.java:569) [elasticsearch-5.3.1.jar:5.3.1]
	at java.util.concurrent.ThreadPoolExecutor.runWorker(Unknown Source) [?:1.8.0_131]
	at java.util.concurrent.ThreadPoolExecutor$Worker.run(Unknown Source) [?:1.8.0_131]
	at java.lang.Thread.run(Unknown Source) [?:1.8.0_131]
Caused by: org.elasticsearch.index.shard.IndexShardRecoveryException: failed to recover from gateway
	at org.elasticsearch.index.shard.StoreRecovery.internalRecoverFromStore(StoreRecovery.java:365) ~[elasticsearch-5.3.1.jar:5.3.1]
	at org.elasticsearch.index.shard.StoreRecovery.lambda$recoverFromStore$0(StoreRecovery.java:90) ~[elasticsearch-5.3.1.jar:5.3.1]
	at org.elasticsearch.index.shard.StoreRecovery.executeRecovery(StoreRecovery.java:257) ~[elasticsearch-5.3.1.jar:5.3.1]
	at org.elasticsearch.index.shard.StoreRecovery.recoverFromStore(StoreRecovery.java:88) ~[elasticsearch-5.3.1.jar:5.3.1]
	at org.elasticsearch.index.shard.IndexShard.recoverFromStore(IndexShard.java:1236) ~[elasticsearch-5.3.1.jar:5.3.1]
	at org.elasticsearch.index.shard.IndexShard.lambda$startRecovery$1(IndexShard.java:1484) ~[elasticsearch-5.3.1.jar:5.3.1]
	... 4 more
Caused by: org.elasticsearch.index.engine.EngineCreationFailureException: failed to create engine
	at org.elasticsearch.index.engine.InternalEngine.<init>(InternalEngine.java:153) ~[elasticsearch-5.3.1.jar:5.3.1]
	at org.elasticsearch.index.engine.InternalEngineFactory.newReadWriteEngine(InternalEngineFactory.java:25) ~[elasticsearch-5.3.1.jar:5.3.1]
	at org.elasticsearch.index.shard.IndexShard.newEngine(IndexShard.java:1602) ~[elasticsearch-5.3.1.jar:5.3.1]
	at org.elasticsearch.index.shard.IndexShard.createNewEngine(IndexShard.java:1584) ~[elasticsearch-5.3.1.jar:5.3.1]
	at org.elasticsearch.index.shard.IndexShard.internalPerformTranslogRecovery(IndexShard.java:1027) ~[elasticsearch-5.3.1.jar:5.3.1]
	at org.elasticsearch.index.shard.IndexShard.performTranslogRecovery(IndexShard.java:987) ~[elasticsearch-5.3.1.jar:5.3.1]
	at org.elasticsearch.index.shard.StoreRecovery.internalRecoverFromStore(StoreRecovery.java:360) ~[elasticsearch-5.3.1.jar:5.3.1]
	at org.elasticsearch.index.shard.StoreRecovery.lambda$recoverFromStore$0(StoreRecovery.java:90) ~[elasticsearch-5.3.1.jar:5.3.1]
	at org.elasticsearch.index.shard.StoreRecovery.executeRecovery(StoreRecovery.java:257) ~[elasticsearch-5.3.1.jar:5.3.1]
	at org.elasticsearch.index.shard.StoreRecovery.recoverFromStore(StoreRecovery.java:88) ~[elasticsearch-5.3.1.jar:5.3.1]
	at org.elasticsearch.index.shard.IndexShard.recoverFromStore(IndexShard.java:1236) ~[elasticsearch-5.3.1.jar:5.3.1]
	at org.elasticsearch.index.shard.IndexShard.lambda$startRecovery$1(IndexShard.java:1484) ~[elasticsearch-5.3.1.jar:5.3.1]
	... 4 more
Caused by: java.nio.file.AccessDeniedException: C:\Users\jk\Google Drive\My Work new\Projects\enang-master\elasticsearch-5.3.1\data\nodes\0\indices\ZIpi8tpzQFOptNemQFcGiw\0\translog
	at sun.nio.fs.WindowsException.translateToIOException(Unknown Source) ~[?:?]
	at sun.nio.fs.WindowsException.rethrowAsIOException(Unknown Source) ~[?:?]
	at sun.nio.fs.WindowsException.rethrowAsIOException(Unknown Source) ~[?:?]
	at sun.nio.fs.WindowsFileSystemProvider.createDirectory(Unknown Source) ~[?:?]
	at java.nio.file.Files.createDirectory(Unknown Source) ~[?:1.8.0_131]
	at java.nio.file.Files.createAndCheckIsDirectory(Unknown Source) ~[?:1.8.0_131]
	at java.nio.file.Files.createDirectories(Unknown Source) ~[?:1.8.0_131]
	at org.elasticsearch.index.translog.Translog.<init>(Translog.java:198) ~[elasticsearch-5.3.1.jar:5.3.1]
	at org.elasticsearch.index.engine.InternalEngine.openTranslog(InternalEngine.java:251) ~[elasticsearch-5.3.1.jar:5.3.1]
	at org.elasticsearch.index.engine.InternalEngine.<init>(InternalEngine.java:150) ~[elasticsearch-5.3.1.jar:5.3.1]
	at org.elasticsearch.index.engine.InternalEngineFactory.newReadWriteEngine(InternalEngineFactory.java:25) ~[elasticsearch-5.3.1.jar:5.3.1]
	at org.elasticsearch.index.shard.IndexShard.newEngine(IndexShard.java:1602) ~[elasticsearch-5.3.1.jar:5.3.1]
	at org.elasticsearch.index.shard.IndexShard.createNewEngine(IndexShard.java:1584) ~[elasticsearch-5.3.1.jar:5.3.1]
	at org.elasticsearch.index.shard.IndexShard.internalPerformTranslogRecovery(IndexShard.java:1027) ~[elasticsearch-5.3.1.jar:5.3.1]
	at org.elasticsearch.index.shard.IndexShard.performTranslogRecovery(IndexShard.java:987) ~[elasticsearch-5.3.1.jar:5.3.1]
	at org.elasticsearch.index.shard.StoreRecovery.internalRecoverFromStore(StoreRecovery.java:360) ~[elasticsearch-5.3.1.jar:5.3.1]
	at org.elasticsearch.index.shard.StoreRecovery.lambda$recoverFromStore$0(StoreRecovery.java:90) ~[elasticsearch-5.3.1.jar:5.3.1]
	at org.elasticsearch.index.shard.StoreRecovery.executeRecovery(StoreRecovery.java:257) ~[elasticsearch-5.3.1.jar:5.3.1]
	at org.elasticsearch.index.shard.StoreRecovery.recoverFromStore(StoreRecovery.java:88) ~[elasticsearch-5.3.1.jar:5.3.1]
	at org.elasticsearch.index.shard.IndexShard.recoverFromStore(IndexShard.java:1236) ~[elasticsearch-5.3.1.jar:5.3.1]
	at org.elasticsearch.index.shard.IndexShard.lambda$startRecovery$1(IndexShard.java:1484) ~[elasticsearch-5.3.1.jar:5.3.1]
	... 4 more
[2017-04-25T22:22:41,742][WARN ][o.e.c.a.s.ShardStateAction] [vakW7xk] [products][0] received shard failed for shard id [[products][0]], allocation id [T20tN1j4TfKcEwkV25ycVA], primary term [0], message [failed recovery], failure [RecoveryFailedException[[products][0]: Recovery failed on {vakW7xk}{vakW7xkOQ3ed_xMzhCGOOg}{DCCs735XQdWDf97AeujkRg}{127.0.0.1}{127.0.0.1:9300}]; nested: IndexShardRecoveryException[failed to recover from gateway]; nested: EngineCreationFailureException[failed to create engine]; nested: AccessDeniedException[C:\Users\jk\Google Drive\My Work new\Projects\enang-master\elasticsearch-5.3.1\data\nodes\0\indices\ZIpi8tpzQFOptNemQFcGiw\0\translog]; ]
org.elasticsearch.indices.recovery.RecoveryFailedException: [products][0]: Recovery failed on {vakW7xk}{vakW7xkOQ3ed_xMzhCGOOg}{DCCs735XQdWDf97AeujkRg}{127.0.0.1}{127.0.0.1:9300}
	at org.elasticsearch.index.shard.IndexShard.lambda$startRecovery$1(IndexShard.java:1488) ~[elasticsearch-5.3.1.jar:5.3.1]
	at org.elasticsearch.common.util.concurrent.ThreadContext$ContextPreservingRunnable.run(ThreadContext.java:569) [elasticsearch-5.3.1.jar:5.3.1]
	at java.util.concurrent.ThreadPoolExecutor.runWorker(Unknown Source) [?:1.8.0_131]
	at java.util.concurrent.ThreadPoolExecutor$Worker.run(Unknown Source) [?:1.8.0_131]
	at java.lang.Thread.run(Unknown Source) [?:1.8.0_131]
Caused by: org.elasticsearch.index.shard.IndexShardRecoveryException: failed to recover from gateway
	at org.elasticsearch.index.shard.StoreRecovery.internalRecoverFromStore(StoreRecovery.java:365) ~[elasticsearch-5.3.1.jar:5.3.1]
	at org.elasticsearch.index.shard.StoreRecovery.lambda$recoverFromStore$0(StoreRecovery.java:90) ~[elasticsearch-5.3.1.jar:5.3.1]
	at org.elasticsearch.index.shard.StoreRecovery.executeRecovery(StoreRecovery.java:257) ~[elasticsearch-5.3.1.jar:5.3.1]
	at org.elasticsearch.index.shard.StoreRecovery.recoverFromStore(StoreRecovery.java:88) ~[elasticsearch-5.3.1.jar:5.3.1]
	at org.elasticsearch.index.shard.IndexShard.recoverFromStore(IndexShard.java:1236) ~[elasticsearch-5.3.1.jar:5.3.1]
	at org.elasticsearch.index.shard.IndexShard.lambda$startRecovery$1(IndexShard.java:1484) ~[elasticsearch-5.3.1.jar:5.3.1]
	... 4 more
Caused by: org.elasticsearch.index.engine.EngineCreationFailureException: failed to create engine
	at org.elasticsearch.index.engine.InternalEngine.<init>(InternalEngine.java:153) ~[elasticsearch-5.3.1.jar:5.3.1]
	at org.elasticsearch.index.engine.InternalEngineFactory.newReadWriteEngine(InternalEngineFactory.java:25) ~[elasticsearch-5.3.1.jar:5.3.1]
	at org.elasticsearch.index.shard.IndexShard.newEngine(IndexShard.java:1602) ~[elasticsearch-5.3.1.jar:5.3.1]
	at org.elasticsearch.index.shard.IndexShard.createNewEngine(IndexShard.java:1584) ~[elasticsearch-5.3.1.jar:5.3.1]
	at org.elasticsearch.index.shard.IndexShard.internalPerformTranslogRecovery(IndexShard.java:1027) ~[elasticsearch-5.3.1.jar:5.3.1]
	at org.elasticsearch.index.shard.IndexShard.performTranslogRecovery(IndexShard.java:987) ~[elasticsearch-5.3.1.jar:5.3.1]
	at org.elasticsearch.index.shard.StoreRecovery.internalRecoverFromStore(StoreRecovery.java:360) ~[elasticsearch-5.3.1.jar:5.3.1]
	at org.elasticsearch.index.shard.StoreRecovery.lambda$recoverFromStore$0(StoreRecovery.java:90) ~[elasticsearch-5.3.1.jar:5.3.1]
	at org.elasticsearch.index.shard.StoreRecovery.executeRecovery(StoreRecovery.java:257) ~[elasticsearch-5.3.1.jar:5.3.1]
	at org.elasticsearch.index.shard.StoreRecovery.recoverFromStore(StoreRecovery.java:88) ~[elasticsearch-5.3.1.jar:5.3.1]
	at org.elasticsearch.index.shard.IndexShard.recoverFromStore(IndexShard.java:1236) ~[elasticsearch-5.3.1.jar:5.3.1]
	at org.elasticsearch.index.shard.IndexShard.lambda$startRecovery$1(IndexShard.java:1484) ~[elasticsearch-5.3.1.jar:5.3.1]
	... 4 more
Caused by: java.nio.file.AccessDeniedException: C:\Users\jk\Google Drive\My Work new\Projects\enang-master\elasticsearch-5.3.1\data\nodes\0\indices\ZIpi8tpzQFOptNemQFcGiw\0\translog
	at sun.nio.fs.WindowsException.translateToIOException(Unknown Source) ~[?:?]
	at sun.nio.fs.WindowsException.rethrowAsIOException(Unknown Source) ~[?:?]
	at sun.nio.fs.WindowsException.rethrowAsIOException(Unknown Source) ~[?:?]
	at sun.nio.fs.WindowsFileSystemProvider.createDirectory(Unknown Source) ~[?:?]
	at java.nio.file.Files.createDirectory(Unknown Source) ~[?:1.8.0_131]
	at java.nio.file.Files.createAndCheckIsDirectory(Unknown Source) ~[?:1.8.0_131]
	at java.nio.file.Files.createDirectories(Unknown Source) ~[?:1.8.0_131]
	at org.elasticsearch.index.translog.Translog.<init>(Translog.java:198) ~[elasticsearch-5.3.1.jar:5.3.1]
	at org.elasticsearch.index.engine.InternalEngine.openTranslog(InternalEngine.java:251) ~[elasticsearch-5.3.1.jar:5.3.1]
	at org.elasticsearch.index.engine.InternalEngine.<init>(InternalEngine.java:150) ~[elasticsearch-5.3.1.jar:5.3.1]
	at org.elasticsearch.index.engine.InternalEngineFactory.newReadWriteEngine(InternalEngineFactory.java:25) ~[elasticsearch-5.3.1.jar:5.3.1]
	at org.elasticsearch.index.shard.IndexShard.newEngine(IndexShard.java:1602) ~[elasticsearch-5.3.1.jar:5.3.1]
	at org.elasticsearch.index.shard.IndexShard.createNewEngine(IndexShard.java:1584) ~[elasticsearch-5.3.1.jar:5.3.1]
	at org.elasticsearch.index.shard.IndexShard.internalPerformTranslogRecovery(IndexShard.java:1027) ~[elasticsearch-5.3.1.jar:5.3.1]
	at org.elasticsearch.index.shard.IndexShard.performTranslogRecovery(IndexShard.java:987) ~[elasticsearch-5.3.1.jar:5.3.1]
	at org.elasticsearch.index.shard.StoreRecovery.internalRecoverFromStore(StoreRecovery.java:360) ~[elasticsearch-5.3.1.jar:5.3.1]
	at org.elasticsearch.index.shard.StoreRecovery.lambda$recoverFromStore$0(StoreRecovery.java:90) ~[elasticsearch-5.3.1.jar:5.3.1]
	at org.elasticsearch.index.shard.StoreRecovery.executeRecovery(StoreRecovery.java:257) ~[elasticsearch-5.3.1.jar:5.3.1]
	at org.elasticsearch.index.shard.StoreRecovery.recoverFromStore(StoreRecovery.java:88) ~[elasticsearch-5.3.1.jar:5.3.1]
	at org.elasticsearch.index.shard.IndexShard.recoverFromStore(IndexShard.java:1236) ~[elasticsearch-5.3.1.jar:5.3.1]
	at org.elasticsearch.index.shard.IndexShard.lambda$startRecovery$1(IndexShard.java:1484) ~[elasticsearch-5.3.1.jar:5.3.1]
	... 4 more
[2017-04-25T22:22:41,753][WARN ][o.e.i.c.IndicesClusterStateService] [vakW7xk] [[products][3]] marking and sending shard failed due to [failed recovery]
org.elasticsearch.indices.recovery.RecoveryFailedException: [products][3]: Recovery failed on {vakW7xk}{vakW7xkOQ3ed_xMzhCGOOg}{DCCs735XQdWDf97AeujkRg}{127.0.0.1}{127.0.0.1:9300}
	at org.elasticsearch.index.shard.IndexShard.lambda$startRecovery$1(IndexShard.java:1488) ~[elasticsearch-5.3.1.jar:5.3.1]
	at org.elasticsearch.common.util.concurrent.ThreadContext$ContextPreservingRunnable.run(ThreadContext.java:569) [elasticsearch-5.3.1.jar:5.3.1]
	at java.util.concurrent.ThreadPoolExecutor.runWorker(Unknown Source) [?:1.8.0_131]
	at java.util.concurrent.ThreadPoolExecutor$Worker.run(Unknown Source) [?:1.8.0_131]
	at java.lang.Thread.run(Unknown Source) [?:1.8.0_131]
Caused by: org.elasticsearch.index.shard.IndexShardRecoveryException: failed to recover from gateway
	at org.elasticsearch.index.shard.StoreRecovery.internalRecoverFromStore(StoreRecovery.java:365) ~[elasticsearch-5.3.1.jar:5.3.1]
	at org.elasticsearch.index.shard.StoreRecovery.lambda$recoverFromStore$0(StoreRecovery.java:90) ~[elasticsearch-5.3.1.jar:5.3.1]
	at org.elasticsearch.index.shard.StoreRecovery.executeRecovery(StoreRecovery.java:257) ~[elasticsearch-5.3.1.jar:5.3.1]
	at org.elasticsearch.index.shard.StoreRecovery.recoverFromStore(StoreRecovery.java:88) ~[elasticsearch-5.3.1.jar:5.3.1]
	at org.elasticsearch.index.shard.IndexShard.recoverFromStore(IndexShard.java:1236) ~[elasticsearch-5.3.1.jar:5.3.1]
	at org.elasticsearch.index.shard.IndexShard.lambda$startRecovery$1(IndexShard.java:1484) ~[elasticsearch-5.3.1.jar:5.3.1]
	... 4 more
Caused by: org.elasticsearch.index.engine.EngineCreationFailureException: failed to create engine
	at org.elasticsearch.index.engine.InternalEngine.<init>(InternalEngine.java:153) ~[elasticsearch-5.3.1.jar:5.3.1]
	at org.elasticsearch.index.engine.InternalEngineFactory.newReadWriteEngine(InternalEngineFactory.java:25) ~[elasticsearch-5.3.1.jar:5.3.1]
	at org.elasticsearch.index.shard.IndexShard.newEngine(IndexShard.java:1602) ~[elasticsearch-5.3.1.jar:5.3.1]
	at org.elasticsearch.index.shard.IndexShard.createNewEngine(IndexShard.java:1584) ~[elasticsearch-5.3.1.jar:5.3.1]
	at org.elasticsearch.index.shard.IndexShard.internalPerformTranslogRecovery(IndexShard.java:1027) ~[elasticsearch-5.3.1.jar:5.3.1]
	at org.elasticsearch.index.shard.IndexShard.performTranslogRecovery(IndexShard.java:987) ~[elasticsearch-5.3.1.jar:5.3.1]
	at org.elasticsearch.index.shard.StoreRecovery.internalRecoverFromStore(StoreRecovery.java:360) ~[elasticsearch-5.3.1.jar:5.3.1]
	at org.elasticsearch.index.shard.StoreRecovery.lambda$recoverFromStore$0(StoreRecovery.java:90) ~[elasticsearch-5.3.1.jar:5.3.1]
	at org.elasticsearch.index.shard.StoreRecovery.executeRecovery(StoreRecovery.java:257) ~[elasticsearch-5.3.1.jar:5.3.1]
	at org.elasticsearch.index.shard.StoreRecovery.recoverFromStore(StoreRecovery.java:88) ~[elasticsearch-5.3.1.jar:5.3.1]
	at org.elasticsearch.index.shard.IndexShard.recoverFromStore(IndexShard.java:1236) ~[elasticsearch-5.3.1.jar:5.3.1]
	at org.elasticsearch.index.shard.IndexShard.lambda$startRecovery$1(IndexShard.java:1484) ~[elasticsearch-5.3.1.jar:5.3.1]
	... 4 more
Caused by: java.nio.file.AccessDeniedException: C:\Users\jk\Google Drive\My Work new\Projects\enang-master\elasticsearch-5.3.1\data\nodes\0\indices\ZIpi8tpzQFOptNemQFcGiw\3\translog
	at sun.nio.fs.WindowsException.translateToIOException(Unknown Source) ~[?:?]
	at sun.nio.fs.WindowsException.rethrowAsIOException(Unknown Source) ~[?:?]
	at sun.nio.fs.WindowsException.rethrowAsIOException(Unknown Source) ~[?:?]
	at sun.nio.fs.WindowsFileSystemProvider.createDirectory(Unknown Source) ~[?:?]
	at java.nio.file.Files.createDirectory(Unknown Source) ~[?:1.8.0_131]
	at java.nio.file.Files.createAndCheckIsDirectory(Unknown Source) ~[?:1.8.0_131]
	at java.nio.file.Files.createDirectories(Unknown Source) ~[?:1.8.0_131]
	at org.elasticsearch.index.translog.Translog.<init>(Translog.java:198) ~[elasticsearch-5.3.1.jar:5.3.1]
	at org.elasticsearch.index.engine.InternalEngine.openTranslog(InternalEngine.java:251) ~[elasticsearch-5.3.1.jar:5.3.1]
	at org.elasticsearch.index.engine.InternalEngine.<init>(InternalEngine.java:150) ~[elasticsearch-5.3.1.jar:5.3.1]
	at org.elasticsearch.index.engine.InternalEngineFactory.newReadWriteEngine(InternalEngineFactory.java:25) ~[elasticsearch-5.3.1.jar:5.3.1]
	at org.elasticsearch.index.shard.IndexShard.newEngine(IndexShard.java:1602) ~[elasticsearch-5.3.1.jar:5.3.1]
	at org.elasticsearch.index.shard.IndexShard.createNewEngine(IndexShard.java:1584) ~[elasticsearch-5.3.1.jar:5.3.1]
	at org.elasticsearch.index.shard.IndexShard.internalPerformTranslogRecovery(IndexShard.java:1027) ~[elasticsearch-5.3.1.jar:5.3.1]
	at org.elasticsearch.index.shard.IndexShard.performTranslogRecovery(IndexShard.java:987) ~[elasticsearch-5.3.1.jar:5.3.1]
	at org.elasticsearch.index.shard.StoreRecovery.internalRecoverFromStore(StoreRecovery.java:360) ~[elasticsearch-5.3.1.jar:5.3.1]
	at org.elasticsearch.index.shard.StoreRecovery.lambda$recoverFromStore$0(StoreRecovery.java:90) ~[elasticsearch-5.3.1.jar:5.3.1]
	at org.elasticsearch.index.shard.StoreRecovery.executeRecovery(StoreRecovery.java:257) ~[elasticsearch-5.3.1.jar:5.3.1]
	at org.elasticsearch.index.shard.StoreRecovery.recoverFromStore(StoreRecovery.java:88) ~[elasticsearch-5.3.1.jar:5.3.1]
	at org.elasticsearch.index.shard.IndexShard.recoverFromStore(IndexShard.java:1236) ~[elasticsearch-5.3.1.jar:5.3.1]
	at org.elasticsearch.index.shard.IndexShard.lambda$startRecovery$1(IndexShard.java:1484) ~[elasticsearch-5.3.1.jar:5.3.1]
	... 4 more
[2017-04-25T22:22:41,762][WARN ][o.e.c.a.s.ShardStateAction] [vakW7xk] [products][3] received shard failed for shard id [[products][3]], allocation id [XsMv2oLCQPaw5cD1bKQq5w], primary term [0], message [failed recovery], failure [RecoveryFailedException[[products][3]: Recovery failed on {vakW7xk}{vakW7xkOQ3ed_xMzhCGOOg}{DCCs735XQdWDf97AeujkRg}{127.0.0.1}{127.0.0.1:9300}]; nested: IndexShardRecoveryException[failed to recover from gateway]; nested: EngineCreationFailureException[failed to create engine]; nested: AccessDeniedException[C:\Users\jk\Google Drive\My Work new\Projects\enang-master\elasticsearch-5.3.1\data\nodes\0\indices\ZIpi8tpzQFOptNemQFcGiw\3\translog]; ]
org.elasticsearch.indices.recovery.RecoveryFailedException: [products][3]: Recovery failed on {vakW7xk}{vakW7xkOQ3ed_xMzhCGOOg}{DCCs735XQdWDf97AeujkRg}{127.0.0.1}{127.0.0.1:9300}
	at org.elasticsearch.index.shard.IndexShard.lambda$startRecovery$1(IndexShard.java:1488) ~[elasticsearch-5.3.1.jar:5.3.1]
	at org.elasticsearch.common.util.concurrent.ThreadContext$ContextPreservingRunnable.run(ThreadContext.java:569) [elasticsearch-5.3.1.jar:5.3.1]
	at java.util.concurrent.ThreadPoolExecutor.runWorker(Unknown Source) [?:1.8.0_131]
	at java.util.concurrent.ThreadPoolExecutor$Worker.run(Unknown Source) [?:1.8.0_131]
	at java.lang.Thread.run(Unknown Source) [?:1.8.0_131]
Caused by: org.elasticsearch.index.shard.IndexShardRecoveryException: failed to recover from gateway
	at org.elasticsearch.index.shard.StoreRecovery.internalRecoverFromStore(StoreRecovery.java:365) ~[elasticsearch-5.3.1.jar:5.3.1]
	at org.elasticsearch.index.shard.StoreRecovery.lambda$recoverFromStore$0(StoreRecovery.java:90) ~[elasticsearch-5.3.1.jar:5.3.1]
	at org.elasticsearch.index.shard.StoreRecovery.executeRecovery(StoreRecovery.java:257) ~[elasticsearch-5.3.1.jar:5.3.1]
	at org.elasticsearch.index.shard.StoreRecovery.recoverFromStore(StoreRecovery.java:88) ~[elasticsearch-5.3.1.jar:5.3.1]
	at org.elasticsearch.index.shard.IndexShard.recoverFromStore(IndexShard.java:1236) ~[elasticsearch-5.3.1.jar:5.3.1]
	at org.elasticsearch.index.shard.IndexShard.lambda$startRecovery$1(IndexShard.java:1484) ~[elasticsearch-5.3.1.jar:5.3.1]
	... 4 more
Caused by: org.elasticsearch.index.engine.EngineCreationFailureException: failed to create engine
	at org.elasticsearch.index.engine.InternalEngine.<init>(InternalEngine.java:153) ~[elasticsearch-5.3.1.jar:5.3.1]
	at org.elasticsearch.index.engine.InternalEngineFactory.newReadWriteEngine(InternalEngineFactory.java:25) ~[elasticsearch-5.3.1.jar:5.3.1]
	at org.elasticsearch.index.shard.IndexShard.newEngine(IndexShard.java:1602) ~[elasticsearch-5.3.1.jar:5.3.1]
	at org.elasticsearch.index.shard.IndexShard.createNewEngine(IndexShard.java:1584) ~[elasticsearch-5.3.1.jar:5.3.1]
	at org.elasticsearch.index.shard.IndexShard.internalPerformTranslogRecovery(IndexShard.java:1027) ~[elasticsearch-5.3.1.jar:5.3.1]
	at org.elasticsearch.index.shard.IndexShard.performTranslogRecovery(IndexShard.java:987) ~[elasticsearch-5.3.1.jar:5.3.1]
	at org.elasticsearch.index.shard.StoreRecovery.internalRecoverFromStore(StoreRecovery.java:360) ~[elasticsearch-5.3.1.jar:5.3.1]
	at org.elasticsearch.index.shard.StoreRecovery.lambda$recoverFromStore$0(StoreRecovery.java:90) ~[elasticsearch-5.3.1.jar:5.3.1]
	at org.elasticsearch.index.shard.StoreRecovery.executeRecovery(StoreRecovery.java:257) ~[elasticsearch-5.3.1.jar:5.3.1]
	at org.elasticsearch.index.shard.StoreRecovery.recoverFromStore(StoreRecovery.java:88) ~[elasticsearch-5.3.1.jar:5.3.1]
	at org.elasticsearch.index.shard.IndexShard.recoverFromStore(IndexShard.java:1236) ~[elasticsearch-5.3.1.jar:5.3.1]
	at org.elasticsearch.index.shard.IndexShard.lambda$startRecovery$1(IndexShard.java:1484) ~[elasticsearch-5.3.1.jar:5.3.1]
	... 4 more
Caused by: java.nio.file.AccessDeniedException: C:\Users\jk\Google Drive\My Work new\Projects\enang-master\elasticsearch-5.3.1\data\nodes\0\indices\ZIpi8tpzQFOptNemQFcGiw\3\translog
	at sun.nio.fs.WindowsException.translateToIOException(Unknown Source) ~[?:?]
	at sun.nio.fs.WindowsException.rethrowAsIOException(Unknown Source) ~[?:?]
	at sun.nio.fs.WindowsException.rethrowAsIOException(Unknown Source) ~[?:?]
	at sun.nio.fs.WindowsFileSystemProvider.createDirectory(Unknown Source) ~[?:?]
	at java.nio.file.Files.createDirectory(Unknown Source) ~[?:1.8.0_131]
	at java.nio.file.Files.createAndCheckIsDirectory(Unknown Source) ~[?:1.8.0_131]
	at java.nio.file.Files.createDirectories(Unknown Source) ~[?:1.8.0_131]
	at org.elasticsearch.index.translog.Translog.<init>(Translog.java:198) ~[elasticsearch-5.3.1.jar:5.3.1]
	at org.elasticsearch.index.engine.InternalEngine.openTranslog(InternalEngine.java:251) ~[elasticsearch-5.3.1.jar:5.3.1]
	at org.elasticsearch.index.engine.InternalEngine.<init>(InternalEngine.java:150) ~[elasticsearch-5.3.1.jar:5.3.1]
	at org.elasticsearch.index.engine.InternalEngineFactory.newReadWriteEngine(InternalEngineFactory.java:25) ~[elasticsearch-5.3.1.jar:5.3.1]
	at org.elasticsearch.index.shard.IndexShard.newEngine(IndexShard.java:1602) ~[elasticsearch-5.3.1.jar:5.3.1]
	at org.elasticsearch.index.shard.IndexShard.createNewEngine(IndexShard.java:1584) ~[elasticsearch-5.3.1.jar:5.3.1]
	at org.elasticsearch.index.shard.IndexShard.internalPerformTranslogRecovery(IndexShard.java:1027) ~[elasticsearch-5.3.1.jar:5.3.1]
	at org.elasticsearch.index.shard.IndexShard.performTranslogRecovery(IndexShard.java:987) ~[elasticsearch-5.3.1.jar:5.3.1]
	at org.elasticsearch.index.shard.StoreRecovery.internalRecoverFromStore(StoreRecovery.java:360) ~[elasticsearch-5.3.1.jar:5.3.1]
	at org.elasticsearch.index.shard.StoreRecovery.lambda$recoverFromStore$0(StoreRecovery.java:90) ~[elasticsearch-5.3.1.jar:5.3.1]
	at org.elasticsearch.index.shard.StoreRecovery.executeRecovery(StoreRecovery.java:257) ~[elasticsearch-5.3.1.jar:5.3.1]
	at org.elasticsearch.index.shard.StoreRecovery.recoverFromStore(StoreRecovery.java:88) ~[elasticsearch-5.3.1.jar:5.3.1]
	at org.elasticsearch.index.shard.IndexShard.recoverFromStore(IndexShard.java:1236) ~[elasticsearch-5.3.1.jar:5.3.1]
	at org.elasticsearch.index.shard.IndexShard.lambda$startRecovery$1(IndexShard.java:1484) ~[elasticsearch-5.3.1.jar:5.3.1]
	... 4 more
[2017-04-25T22:22:42,341][INFO ][o.e.c.r.a.AllocationService] [vakW7xk] Cluster health status changed from [YELLOW] to [RED] (reason: [shards failed [[products][0]] ...]).
[2017-04-25T22:22:42,343][WARN ][o.e.c.a.s.ShardStateAction] [vakW7xk] [products][3] received shard failed for shard id [[products][3]], allocation id [XsMv2oLCQPaw5cD1bKQq5w], primary term [0], message [master {vakW7xk}{vakW7xkOQ3ed_xMzhCGOOg}{DCCs735XQdWDf97AeujkRg}{127.0.0.1}{127.0.0.1:9300} has not removed previously failed shard. resending shard failure]
[2017-04-25T22:22:42,501][WARN ][o.e.c.a.s.ShardStateAction] [vakW7xk] [products][3] received shard failed for shard id [[products][3]], allocation id [XsMv2oLCQPaw5cD1bKQq5w], primary term [0], message [master {vakW7xk}{vakW7xkOQ3ed_xMzhCGOOg}{DCCs735XQdWDf97AeujkRg}{127.0.0.1}{127.0.0.1:9300} has not removed previously failed shard. resending shard failure]
[2017-04-25T22:22:43,463][WARN ][o.e.c.a.s.ShardStateAction] [vakW7xk] [products][3] received shard failed for shard id [[products][3]], allocation id [XsMv2oLCQPaw5cD1bKQq5w], primary term [0], message [master {vakW7xk}{vakW7xkOQ3ed_xMzhCGOOg}{DCCs735XQdWDf97AeujkRg}{127.0.0.1}{127.0.0.1:9300} has not removed previously failed shard. resending shard failure]
[2017-04-25T22:22:43,888][INFO ][o.e.c.r.a.AllocationService] [vakW7xk] Cluster health status changed from [RED] to [YELLOW] (reason: [shards started [[products][0]] ...]).
[2017-04-25T22:22:43,890][WARN ][o.e.c.a.s.ShardStateAction] [vakW7xk] [products][3] received shard failed for shard id [[products][3]], allocation id [XsMv2oLCQPaw5cD1bKQq5w], primary term [0], message [master {vakW7xk}{vakW7xkOQ3ed_xMzhCGOOg}{DCCs735XQdWDf97AeujkRg}{127.0.0.1}{127.0.0.1:9300} has not removed previously failed shard. resending shard failure]
[2017-04-25T22:22:43,970][INFO ][o.e.c.r.a.AllocationService] [vakW7xk] Cluster health status changed from [YELLOW] to [RED] (reason: [shards failed [[products][3], [products][3], [products][3], [products][3], [products][3]] ...]).
[2017-04-25T22:22:44,322][INFO ][o.e.c.r.a.AllocationService] [vakW7xk] Cluster health status changed from [RED] to [YELLOW] (reason: [shards started [[products][3]] ...]).
[2017-04-25T22:22:44,609][INFO ][o.e.c.m.MetaDataMappingService] [vakW7xk] [products/ZIpi8tpzQFOptNemQFcGiw] create_mapping [product]
[2017-04-25T22:22:44,965][INFO ][o.e.c.m.MetaDataMappingService] [vakW7xk] [products/ZIpi8tpzQFOptNemQFcGiw] update_mapping [product]
[2017-04-25T22:32:31,217][WARN ][o.e.m.j.JvmGcMonitorService] [vakW7xk] [gc][young][5284][3] duration [5s], collections [1]/[5.8s], total [5s]/[5.3s], memory [307.9mb]->[160.3mb]/[1.9gb], all_pools {[young] [266.2mb]->[1.2mb]/[266.2mb]}{[survivor] [33.2mb]->[31.2mb]/[33.2mb]}{[old] [8.4mb]->[127.8mb]/[1.6gb]}
[2017-04-25T22:32:31,225][WARN ][o.e.m.j.JvmGcMonitorService] [vakW7xk] [gc][5284] overhead, spent [5s] collecting in the last [5.8s]
[2017-04-25T23:23:25,433][INFO ][o.e.b.Bootstrap          ] running graceful exit on windows
[2017-04-25T23:23:25,474][INFO ][o.e.n.Node               ] [vakW7xk] stopping ...
[2017-04-25T23:23:27,297][INFO ][o.e.n.Node               ] [vakW7xk] stopped
[2017-04-25T23:23:27,298][INFO ][o.e.n.Node               ] [vakW7xk] closing ...
[2017-04-25T23:23:27,593][INFO ][o.e.n.Node               ] [vakW7xk] closed
[2017-04-25T23:27:39,999][INFO ][o.e.n.Node               ] [] initializing ...
[2017-04-25T23:27:42,556][INFO ][o.e.e.NodeEnvironment    ] [vakW7xk] using [1] data paths, mounts [[(C:)]], net usable_space [79.7gb], net total_space [245.7gb], spins? [unknown], types [NTFS]
[2017-04-25T23:27:42,557][INFO ][o.e.e.NodeEnvironment    ] [vakW7xk] heap size [1.9gb], compressed ordinary object pointers [true]
[2017-04-25T23:27:43,071][INFO ][o.e.n.Node               ] node name [vakW7xk] derived from node ID [vakW7xkOQ3ed_xMzhCGOOg]; set [node.name] to override
[2017-04-25T23:27:43,072][INFO ][o.e.n.Node               ] version[5.3.1], pid[1540], build[5f9cf58/2017-04-17T15:52:53.846Z], OS[Windows 7/6.1/amd64], JVM[Oracle Corporation/Java HotSpot(TM) 64-Bit Server VM/1.8.0_131/25.131-b11]
[2017-04-25T23:27:52,351][INFO ][o.e.p.PluginsService     ] [vakW7xk] loaded module [aggs-matrix-stats]
[2017-04-25T23:27:52,352][INFO ][o.e.p.PluginsService     ] [vakW7xk] loaded module [ingest-common]
[2017-04-25T23:27:52,352][INFO ][o.e.p.PluginsService     ] [vakW7xk] loaded module [lang-expression]
[2017-04-25T23:27:52,353][INFO ][o.e.p.PluginsService     ] [vakW7xk] loaded module [lang-groovy]
[2017-04-25T23:27:52,353][INFO ][o.e.p.PluginsService     ] [vakW7xk] loaded module [lang-mustache]
[2017-04-25T23:27:52,354][INFO ][o.e.p.PluginsService     ] [vakW7xk] loaded module [lang-painless]
[2017-04-25T23:27:52,354][INFO ][o.e.p.PluginsService     ] [vakW7xk] loaded module [percolator]
[2017-04-25T23:27:52,355][INFO ][o.e.p.PluginsService     ] [vakW7xk] loaded module [reindex]
[2017-04-25T23:27:52,356][INFO ][o.e.p.PluginsService     ] [vakW7xk] loaded module [transport-netty3]
[2017-04-25T23:27:52,357][INFO ][o.e.p.PluginsService     ] [vakW7xk] loaded module [transport-netty4]
[2017-04-25T23:27:52,359][INFO ][o.e.p.PluginsService     ] [vakW7xk] no plugins loaded
[2017-04-25T23:28:15,729][INFO ][o.e.n.Node               ] initialized
[2017-04-25T23:28:15,730][INFO ][o.e.n.Node               ] [vakW7xk] starting ...
[2017-04-25T23:28:20,020][INFO ][o.e.t.TransportService   ] [vakW7xk] publish_address {127.0.0.1:9300}, bound_addresses {127.0.0.1:9300}, {[::1]:9300}
[2017-04-25T23:28:23,963][INFO ][o.e.c.s.ClusterService   ] [vakW7xk] new_master {vakW7xk}{vakW7xkOQ3ed_xMzhCGOOg}{0a2Qi6KGSvaIyV800Zo_vw}{127.0.0.1}{127.0.0.1:9300}, reason: zen-disco-elected-as-master ([0] nodes joined)
[2017-04-25T23:28:25,586][INFO ][o.e.g.GatewayService     ] [vakW7xk] recovered [1] indices into cluster_state
[2017-04-25T23:28:25,810][INFO ][o.e.h.n.Netty4HttpServerTransport] [vakW7xk] publish_address {127.0.0.1:9200}, bound_addresses {127.0.0.1:9200}, {[::1]:9200}
[2017-04-25T23:28:25,849][INFO ][o.e.n.Node               ] [vakW7xk] started
[2017-04-25T23:28:27,928][INFO ][o.e.c.r.a.AllocationService] [vakW7xk] Cluster health status changed from [RED] to [YELLOW] (reason: [shards started [[products][0]] ...]).
